INFO;Initialized log directory.;2025-08-12T02:48:03.038Z;
INFO;Server listening at: 127.0.0.1:1883;2025-08-12T02:48:03.041Z;
INFO;Server listening at: 127.0.0.1:1883;2025-08-12T13:45:05.101Z;
INFO;Server listening at: 127.0.0.1:1883;2025-08-12T13:45:34.837Z;
INFO;New connection attempt - 127.0.0.1:53191;2025-08-12T13:46:22.336Z;
INFO;connected;2025-08-12T13:46:22.336Z;
INFO;New connection attempt - 127.0.0.1:53470;2025-08-12T13:47:30.385Z;
INFO;connected;2025-08-12T13:47:30.386Z;
INFO;New connection attempt - 127.0.0.1:53479;2025-08-12T13:47:33.121Z;
INFO;connected;2025-08-12T13:47:33.121Z;
WARN;Error handling client: DecodeError: Connection reset by peer (os error 54) - 127.0.0.1:53479;2025-08-12T13:47:41.173Z;
INFO;New connection attempt - 127.0.0.1:53528;2025-08-12T13:47:44.904Z;
INFO;connected;2025-08-12T13:47:44.904Z;
WARN;Error handling client: DecodeError: Connection reset by peer (os error 54) - 127.0.0.1:53528;2025-08-12T13:48:00.783Z;
WARN;Error handling client: DecodeError: Connection reset by peer (os error 54) - 127.0.0.1:53470;2025-08-12T13:49:02.014Z;
WARN;Error handling client: DecodeError: Connection reset by peer (os error 54) - 127.0.0.1:53191;2025-08-12T13:49:02.893Z;
INFO;Server listening at: 127.0.0.1:1883;2025-08-12T16:06:45.292Z;
INFO;Received SIGTERM, shutting down gracefully...;2025-08-12T16:06:45.709Z;
INFO;Server listening at: 127.0.0.1:1883;2025-08-12T17:29:12.956Z;
INFO;Received SIGTERM, shutting down gracefully...;2025-08-12T17:29:13.866Z;
INFO;Received SIGTERM, shutting down gracefully...;2025-08-12T17:31:00.142Z;
INFO;Received SIGTERM, shutting down gracefully...;2025-08-12T17:31:00.377Z;
INFO;Received SIGTERM, shutting down gracefully...;2025-08-12T17:31:00.531Z;
INFO;Received SIGTERM, shutting down gracefully...;2025-08-12T17:31:00.652Z;
INFO;Received SIGTERM, shutting down gracefully...;2025-08-12T17:31:00.792Z;
INFO;Received SIGTERM, shutting down gracefully...;2025-08-12T17:31:00.932Z;
INFO;Received SIGTERM, shutting down gracefully...;2025-08-12T17:31:01.055Z;
INFO;Received SIGTERM, shutting down gracefully...;2025-08-12T17:31:01.187Z;
INFO;Received SIGTERM, shutting down gracefully...;2025-08-12T17:31:01.311Z;
INFO;Received SIGTERM, shutting down gracefully...;2025-08-12T17:31:01.556Z;
INFO;Received SIGTERM, shutting down gracefully...;2025-08-12T17:31:01.728Z;
INFO;Received SIGTERM, shutting down gracefully...;2025-08-12T17:31:01.864Z;
INFO;Received SIGTERM, shutting down gracefully...;2025-08-12T17:31:02.201Z;
INFO;Received SIGTERM, shutting down gracefully...;2025-08-12T17:31:02.363Z;
INFO;Received SIGTERM, shutting down gracefully...;2025-08-12T17:31:02.504Z;
INFO;Received SIGTERM, shutting down gracefully...;2025-08-12T17:31:02.808Z;
INFO;Received SIGTERM, shutting down gracefully...;2025-08-12T17:31:02.985Z;
INFO;Received SIGTERM, shutting down gracefully...;2025-08-12T17:31:03.132Z;
INFO;Received SIGTERM, shutting down gracefully...;2025-08-12T17:31:03.267Z;
INFO;Received SIGTERM, shutting down gracefully...;2025-08-12T17:31:03.403Z;
INFO;Received SIGTERM, shutting down gracefully...;2025-08-12T17:31:03.544Z;
INFO;Received SIGTERM, shutting down gracefully...;2025-08-12T17:31:03.817Z;
INFO;Received SIGTERM, shutting down gracefully...;2025-08-12T17:31:03.964Z;
INFO;Received SIGTERM, shutting down gracefully...;2025-08-12T17:31:04.103Z;
INFO;Received SIGTERM, shutting down gracefully...;2025-08-12T17:31:04.240Z;
INFO;Received SIGTERM, shutting down gracefully...;2025-08-12T17:31:04.393Z;
INFO;Received SIGTERM, shutting down gracefully...;2025-08-12T17:31:04.536Z;
INFO;Received SIGTERM, shutting down gracefully...;2025-08-12T17:31:04.680Z;
INFO;Received SIGTERM, shutting down gracefully...;2025-08-12T17:31:04.827Z;
INFO;Received SIGTERM, shutting down gracefully...;2025-08-12T17:31:04.979Z;
INFO;Received SIGTERM, shutting down gracefully...;2025-08-12T17:31:05.140Z;
INFO;Received SIGTERM, shutting down gracefully...;2025-08-12T17:31:05.320Z;
INFO;Received SIGTERM, shutting down gracefully...;2025-08-12T17:31:05.403Z;
INFO;Received SIGTERM, shutting down gracefully...;2025-08-12T17:31:05.596Z;
INFO;Received SIGTERM, shutting down gracefully...;2025-08-12T17:31:05.764Z;
INFO;Received SIGTERM, shutting down gracefully...;2025-08-12T17:31:05.915Z;
INFO;Received SIGTERM, shutting down gracefully...;2025-08-12T17:31:06.019Z;
INFO;Received SIGTERM, shutting down gracefully...;2025-08-12T17:31:06.248Z;
INFO;Received SIGTERM, shutting down gracefully...;2025-08-12T17:31:06.323Z;
INFO;Received SIGTERM, shutting down gracefully...;2025-08-12T17:31:08.038Z;
INFO;Server listening at: 127.0.0.1:1883;2025-08-12T17:31:55.216Z;
INFO;Received SIGTERM, shutting down gracefully...;2025-08-12T17:31:56.056Z;
INFO;Received SIGTERM, shutting down gracefully...;2025-08-12T17:31:57.190Z;
INFO;Received SIGTERM, shutting down gracefully...;2025-08-12T17:31:57.660Z;
INFO;Received SIGTERM, shutting down gracefully...;2025-08-12T17:31:58.073Z;
INFO;Received SIGTERM, shutting down gracefully...;2025-08-12T17:31:58.441Z;
INFO;Received SIGTERM, shutting down gracefully...;2025-08-12T17:31:58.821Z;
INFO;Received SIGTERM, shutting down gracefully...;2025-08-12T17:31:59.173Z;
INFO;Received SIGTERM, shutting down gracefully...;2025-08-12T17:31:59.540Z;
INFO;Received SIGTERM, shutting down gracefully...;2025-08-12T17:31:59.885Z;
INFO;Received SIGTERM, shutting down gracefully...;2025-08-12T17:32:00.234Z;
INFO;Received SIGTERM, shutting down gracefully...;2025-08-12T17:32:00.596Z;
INFO;Received SIGTERM, shutting down gracefully...;2025-08-12T17:32:31.000Z;
INFO;Received SIGTERM, shutting down gracefully...;2025-08-12T17:32:33.301Z;
